
=== Sat Mar 21 15:51:19 2026

Packages were changed.
Update Mode: updateDependencies

The following packages were added:
  com.unity.modules.adaptiveperformance@1.0.0
  com.unity.modules.vectorgraphics@1.0.0
  com.unity.ai.navigation@2.0.10
  com.unity.modules.accessibility@1.0.0
  com.unity.multiplayer.center@1.0.1
The following packages were updated:
  com.unity.cinemachine from version 2.8.6 to 2.10.5
  com.unity.collab-proxy from version 1.15.17 to 2.11.3
  com.unity.feature.development from version 1.0.1 to 1.0.2
  com.unity.ide.rider from version 3.0.14 to 3.0.39
  com.unity.ide.visualstudio from version 2.0.15 to 2.0.26
  com.unity.inputsystem from version 1.3.0 to 1.18.0
  com.unity.test-framework from version 1.1.31 to 1.6.0
  com.unity.timeline from version 1.6.4 to 1.8.10
  com.unity.ugui from version 1.0.0 to 2.0.0
  com.unity.visualscripting from version 1.7.8 to 1.9.9
The following packages were removed:
  com.unity.textmeshpro@3.0.6
